<?xml version="1.0" encoding="UTF-8"?>
<!-- Generated by org.testng.reporters.JUnitReportReporter -->
<testsuite hostname="LAPTOP-55P5JAS8" failures="0" tests="1" name="Assignments.Amazon" time="11.126" errors="0" timestamp="2024-02-18T12:57:44 IST" skipped="0">
  <testcase classname="Assignments.Amazon" name="main" time="11.126"/>
</testsuite> <!-- Assignments.Amazon -->
