<?xml version="1.0" encoding="UTF-8"?>
<!-- Generated by org.testng.reporters.JUnitReportReporter -->
<testsuite hostname="LAPTOP-55P5JAS8" failures="0" tests="1" name="Assignments.BigBasket" time="110.748" errors="0" timestamp="2024-02-16T13:31:36 IST" skipped="0">
  <testcase classname="Assignments.BigBasket" name="main" time="110.748"/>
</testsuite> <!-- Assignments.BigBasket -->
