<?xml version="1.0" encoding="UTF-8"?>
<!-- Generated by org.testng.reporters.JUnitReportReporter -->
<testsuite hostname="LAPTOP-55P5JAS8" failures="0" tests="1" name="Assignments.DDT_Excel" time="13.410" errors="0" timestamp="2024-02-20T12:29:36 IST" skipped="0">
  <testcase classname="Assignments.DDT_Excel" name="main" time="13.410"/>
</testsuite> <!-- Assignments.DDT_Excel -->
