<?xml version="1.0" encoding="UTF-8"?>
<!-- Generated by org.testng.reporters.JUnitReportReporter -->
<testsuite hostname="LAPTOP-55P5JAS8" failures="0" tests="1" name="Assignments.Flipkart" time="51.725" errors="0" timestamp="2024-02-13T15:23:52 IST" skipped="0">
  <testcase classname="Assignments.Flipkart" name="main" time="51.725"/>
</testsuite> <!-- Assignments.Flipkart -->
