<?xml version="1.0" encoding="UTF-8"?>
<!-- Generated by org.testng.reporters.JUnitReportReporter -->
<testsuite hostname="LAPTOP-55P5JAS8" failures="0" tests="1" name="Assignments.Microsoft" time="16.130" errors="0" timestamp="2024-02-18T11:55:32 IST" skipped="0">
  <testcase classname="Assignments.Microsoft" name="main" time="16.130"/>
</testsuite> <!-- Assignments.Microsoft -->
