<?xml version="1.0" encoding="UTF-8"?>
<!-- Generated by org.testng.reporters.JUnitReportReporter -->
<testsuite hostname="LAPTOP-55P5JAS8" failures="0" tests="1" name="Assignments.Amazon_Brand" time="5.699" errors="0" timestamp="2024-02-18T12:00:41 IST" skipped="0">
  <testcase classname="Assignments.Amazon_Brand" name="main" time="5.699"/>
</testsuite> <!-- Assignments.Amazon_Brand -->
