<?xml version="1.0" encoding="UTF-8"?>
<!-- Generated by org.testng.reporters.JUnitReportReporter -->
<testsuite hostname="LAPTOP-55P5JAS8" failures="0" tests="1" name="Assignments.Cricbuzz" time="8.729" errors="0" timestamp="2024-02-15T14:52:58 IST" skipped="0">
  <testcase classname="Assignments.Cricbuzz" name="main" time="8.729"/>
</testsuite> <!-- Assignments.Cricbuzz -->
