<?xml version="1.0" encoding="UTF-8"?>
<!-- Generated by org.testng.reporters.JUnitReportReporter -->
<testsuite hostname="LAPTOP-55P5JAS8" failures="0" tests="1" name="Assignments.DynamicWebTable" time="8.809" errors="0" timestamp="2024-02-15T14:33:46 IST" skipped="0">
  <testcase classname="Assignments.DynamicWebTable" name="main" time="8.809"/>
</testsuite> <!-- Assignments.DynamicWebTable -->
