<?xml version="1.0" encoding="UTF-8"?>
<!-- Generated by org.testng.reporters.JUnitReportReporter -->
<testsuite hostname="LAPTOP-55P5JAS8" failures="0" tests="1" name="Assignments.GoIbibo" time="25.791" errors="0" timestamp="2024-02-11T19:25:15 IST" skipped="0">
  <testcase classname="Assignments.GoIbibo" name="main2" time="25.791"/>
</testsuite> <!-- Assignments.GoIbibo -->
