<?xml version="1.0" encoding="UTF-8"?>
<!-- Generated by org.testng.reporters.JUnitReportReporter -->
<testsuite hostname="LAPTOP-55P5JAS8" failures="0" tests="1" name="Assignments.MakeMyTrip" time="95.983" errors="0" timestamp="2024-02-16T10:36:29 IST" skipped="0">
  <testcase classname="Assignments.MakeMyTrip" name="main" time="95.983"/>
</testsuite> <!-- Assignments.MakeMyTrip -->
