<?xml version="1.0" encoding="UTF-8"?>
<!-- Generated by org.testng.reporters.JUnitReportReporter -->
<testsuite hostname="LAPTOP-55P5JAS8" failures="0" tests="1" name="Assignments.Amazon" time="8.302" errors="0" timestamp="2024-02-12T15:21:20 IST" skipped="0">
  <testcase classname="Assignments.Amazon" name="iPhone14" time="8.302"/>
</testsuite> <!-- Assignments.Amazon -->
