<?xml version="1.0" encoding="UTF-8"?>
<!-- Generated by org.testng.reporters.JUnitReportReporter -->
<testsuite hostname="LAPTOP-55P5JAS8" failures="0" tests="1" name="Assignments.IccCricket" time="10.862" errors="0" timestamp="2024-02-18T14:01:10 IST" skipped="0">
  <testcase classname="Assignments.IccCricket" name="main" time="10.862"/>
</testsuite> <!-- Assignments.IccCricket -->
