<?xml version="1.0" encoding="UTF-8"?>
<!-- Generated by org.testng.reporters.JUnitReportReporter -->
<testsuite hostname="LAPTOP-55P5JAS8" failures="0" tests="1" name="Assignments.DDTExcel_Incomplete" time="19.528" errors="0" timestamp="2024-03-09T12:43:47 IST" skipped="0">
  <testcase classname="Assignments.DDTExcel_Incomplete" name="main" time="19.528"/>
</testsuite> <!-- Assignments.DDTExcel_Incomplete -->
