<?xml version="1.0" encoding="UTF-8"?>
<!-- Generated by org.testng.reporters.JUnitReportReporter -->
<testsuite hostname="LAPTOP-55P5JAS8" failures="0" tests="1" name="Assignments.DDTFaceBook" time="16.640" errors="0" timestamp="2024-02-21T13:35:58 IST" skipped="0">
  <testcase classname="Assignments.DDTFaceBook" name="main" time="16.640"/>
</testsuite> <!-- Assignments.DDTFaceBook -->
