<?xml version="1.0" encoding="UTF-8"?>
<!-- Generated by org.testng.reporters.JUnitReportReporter -->
<testsuite hostname="LAPTOP-55P5JAS8" failures="0" tests="1" name="Assignments.DDTExcel" time="16.343" errors="0" timestamp="2024-03-09T12:46:46 IST" skipped="0">
  <testcase classname="Assignments.DDTExcel" name="main" time="16.343"/>
</testsuite> <!-- Assignments.DDTExcel -->
