<?xml version="1.0" encoding="UTF-8"?>
<!-- Generated by org.testng.reporters.JUnitReportReporter -->
<testsuite hostname="LAPTOP-55P5JAS8" failures="0" tests="1" name="Assignments.DynamicWebTable" time="10.914" errors="0" timestamp="2024-03-09T12:38:39 IST" skipped="0">
  <testcase classname="Assignments.DynamicWebTable" name="main" time="10.914"/>
</testsuite> <!-- Assignments.DynamicWebTable -->
