<?xml version="1.0" encoding="UTF-8"?>
<!-- Generated by org.testng.reporters.JUnitReportReporter -->
<testsuite hostname="LAPTOP-55P5JAS8" failures="0" tests="1" name="Assignments.MakeMyTrip" time="50.725" errors="0" timestamp="2024-02-12T16:10:08 IST" skipped="0">
  <testcase classname="Assignments.MakeMyTrip" name="main" time="50.725"/>
</testsuite> <!-- Assignments.MakeMyTrip -->
