<?xml version="1.0" encoding="UTF-8"?>
<!-- Generated by org.testng.reporters.JUnitReportReporter -->
<testsuite hostname="LAPTOP-55P5JAS8" failures="0" tests="1" name="Assignments.DDT_Excel_Incomplete" time="22.285" errors="0" timestamp="2024-02-20T12:54:20 IST" skipped="0">
  <testcase classname="Assignments.DDT_Excel_Incomplete" name="main" time="22.285"/>
</testsuite> <!-- Assignments.DDT_Excel_Incomplete -->
