<?xml version="1.0" encoding="UTF-8"?>
<!-- Generated by org.testng.reporters.JUnitReportReporter -->
<testsuite hostname="LAPTOP-55P5JAS8" failures="0" tests="1" name="Assignments.TokyoOlympics" time="10.595" errors="0" timestamp="2024-02-18T20:13:23 IST" skipped="0">
  <testcase classname="Assignments.TokyoOlympics" name="main" time="10.595"/>
</testsuite> <!-- Assignments.TokyoOlympics -->
