<?xml version="1.0" encoding="UTF-8"?>
<!-- Generated by org.testng.reporters.JUnitReportReporter -->
<testsuite hostname="LAPTOP-55P5JAS8" failures="0" tests="1" name="Assignments.DynamicHtml" time="3.057" errors="0" timestamp="2024-02-11T14:04:57 IST" skipped="0">
  <testcase classname="Assignments.DynamicHtml" name="main" time="3.057"/>
</testsuite> <!-- Assignments.DynamicHtml -->
